<?xml version="1.0" encoding="UTF-8"?>
<!-- Generated by org.testng.reporters.JUnitReportReporter -->
<testsuite hostname="INBASDLP19204" failures="0" tests="1" name="stc.b2b.c2m.Testcases.TC_RegisteredUserLoginTest" time="6.437" errors="0" timestamp="2023-01-24T17:08:52 AST" skipped="0">
  <testcase classname="stc.b2b.c2m.Testcases.TC_RegisteredUserLoginTest" name="verifyRegistrationAndLogin" time="6.437"/>
  <system-out/>
</testsuite> <!-- stc.b2b.c2m.Testcases.TC_RegisteredUserLoginTest -->
