<?xml version="1.0" encoding="UTF-8"?>
<!-- Generated by org.testng.reporters.JUnitReportReporter -->
<testsuite hostname="INBASDLP19204" failures="0" tests="1" name="stc.b2b.c2m.msd365.Testcases.TC_RegisteredUserLoginTest" time="7.806" errors="0" timestamp="2023-02-16T00:11:22 AST" skipped="0">
  <testcase classname="stc.b2b.c2m.msd365.Testcases.TC_RegisteredUserLoginTest" name="verifyRegistrationAndLogin" time="7.806"/>
  <system-out/>
</testsuite> <!-- stc.b2b.c2m.msd365.Testcases.TC_RegisteredUserLoginTest -->
